<?xml version="1.0" encoding="UTF-8"?>
<!-- Generated by org.testng.reporters.JUnitReportReporter -->
<testsuite hostname="DESKTOP-I39SPR2" failures="0" tests="1" name="GetExamAllureReport.CompleteExamDashBoard" time="36.890" errors="0" timestamp="2022-08-10T13:32:03 IST" skipped="0">
  <testcase classname="GetExamAllureReport.CompleteExamDashBoard" name="UpcommingExam" time="36.890"/>
  <system-out/>
</testsuite> <!-- GetExamAllureReport.CompleteExamDashBoard -->
