<?xml version="1.0" encoding="UTF-8"?>
<!-- Generated by org.testng.reporters.JUnitReportReporter -->
<testsuite hostname="DESKTOP-I39SPR2" failures="0" tests="2" name="GetExamAllureReport.ExamDashboard7" time="41.708" errors="0" timestamp="2022-08-10T11:29:22 IST" skipped="0">
  <testcase classname="GetExamAllureReport.ExamDashboard7" name="prtalVerify" time="27.170"/>
  <system-out/>
  <testcase classname="GetExamAllureReport.ExamDashboard7" name="ApiCheckProcess" time="14.538"/>
  <system-out/>
</testsuite> <!-- GetExamAllureReport.ExamDashboard7 -->
