<?xml version="1.0" encoding="UTF-8"?>
<!-- Generated by org.testng.reporters.JUnitReportReporter -->
<testsuite hostname="DESKTOP-I39SPR2" failures="0" tests="7" name="GetExamAllureReport.ExamDashReport" time="77.615" errors="0" timestamp="2022-08-09T15:18:35 IST" skipped="0">
  <testcase classname="GetExamAllureReport.ExamDashReport" name="loginWorkBench" time="2.408"/>
  <system-out/>
  <testcase classname="GetExamAllureReport.ExamDashReport" name="LoginSalesforce" time="2.735"/>
  <system-out/>
  <testcase classname="GetExamAllureReport.ExamDashReport" name="ClearUrl" time="4.594"/>
  <system-out/>
  <testcase classname="GetExamAllureReport.ExamDashReport" name="EnterAPI" time="11.779"/>
  <system-out/>
  <testcase classname="GetExamAllureReport.ExamDashReport" name="LoginSalesforceValidate" time="0.824"/>
  <system-out/>
  <testcase classname="GetExamAllureReport.ExamDashReport" name="NavigateObjectOnSalesforce" time="34.528"/>
  <system-out/>
  <testcase classname="GetExamAllureReport.ExamDashReport" name="VerifyResponseResults" time="20.747"/>
  <system-out>
    <![CDATA[the respose Of the Exam Completed In 7 days & reocrd Count 4]]>
  </system-out>
</testsuite> <!-- GetExamAllureReport.ExamDashReport -->
