<?xml version="1.0" encoding="UTF-8"?>
<!-- Generated by org.testng.reporters.JUnitReportReporter -->
<testsuite hostname="DESKTOP-I39SPR2" failures="0" tests="1" name="GetExam.Exam15" time="58.347" errors="0" timestamp="2022-08-08T17:29:33 IST" skipped="0">
  <testcase classname="GetExam.Exam15" name="GetExamAPi" time="58.347"/>
  <system-out>
    <![CDATA[the respose Of the Exam Completed In 15 days Was Successfully validate to the salesforce & the Reocord was count 8]]>
  </system-out>
</testsuite> <!-- GetExam.Exam15 -->
