<?xml version="1.0" encoding="UTF-8"?>
<!-- Generated by org.testng.reporters.JUnitReportReporter -->
<testsuite hostname="DESKTOP-I39SPR2" failures="0" tests="1" name="StudentStatus.Teststu" time="21.300" errors="0" timestamp="2022-08-08T10:48:36 IST" skipped="0">
  <testcase classname="StudentStatus.Teststu" name="student" time="21.300"/>
  <system-out/>
</testsuite> <!-- StudentStatus.Teststu -->
