<?xml version="1.0" encoding="UTF-8"?>
<!-- Generated by org.testng.reporters.JUnitReportReporter -->
<testsuite hostname="DESKTOP-I39SPR2" failures="0" tests="7" name="StudentRisk.GetStudentRisk" time="33.551" errors="0" timestamp="2022-08-07T11:30:21 IST" skipped="0">
  <testcase classname="StudentRisk.GetStudentRisk" name="loginWorkBecnh" time="2.531"/>
  <system-out/>
  <testcase classname="StudentRisk.GetStudentRisk" name="loginSalesforce" time="2.937"/>
  <system-out/>
  <testcase classname="StudentRisk.GetStudentRisk" name="clearURI" time="2.889"/>
  <system-out/>
  <testcase classname="StudentRisk.GetStudentRisk" name="EnterApi" time="5.012"/>
  <system-out/>
  <testcase classname="StudentRisk.GetStudentRisk" name="loginSalesforceValidate" time="4.919"/>
  <system-out/>
  <testcase classname="StudentRisk.GetStudentRisk" name="NavigateSalesforceObject" time="15.256"/>
  <system-out/>
  <testcase classname="StudentRisk.GetStudentRisk" name="VerfiyREsponse" time="0.007"/>
  <system-out>
    <![CDATA[the Response of the Student status was 4 record ]]>
  </system-out>
</testsuite> <!-- StudentRisk.GetStudentRisk -->
