<?xml version="1.0" encoding="UTF-8"?>
<!-- Generated by org.testng.reporters.JUnitReportReporter -->
<testsuite hostname="DESKTOP-I39SPR2" failures="0" tests="4" name="GetExamAllureReport.ExamDashboard15" time="37.052" errors="0" timestamp="2022-08-10T10:14:41 IST" skipped="0">
  <testcase classname="GetExamAllureReport.ExamDashboard15" name="portalVerify" time="11.831"/>
  <system-out/>
  <testcase classname="GetExamAllureReport.ExamDashboard15" name="loginWorkbench" time="4.525"/>
  <system-out/>
  <testcase classname="GetExamAllureReport.ExamDashboard15" name="loginsalesforce" time="3.820"/>
  <system-out/>
  <testcase classname="GetExamAllureReport.ExamDashboard15" name="ApiCheckProcess" time="16.876"/>
  <system-out/>
</testsuite> <!-- GetExamAllureReport.ExamDashboard15 -->
