<?xml version="1.0" encoding="UTF-8"?>
<!-- Generated by org.testng.reporters.JUnitReportReporter -->
<testsuite hostname="DESKTOP-I39SPR2" failures="0" tests="7" name="GetExamAllureReport.ExamDashReport" time="78.991" errors="0" timestamp="2022-08-09T09:52:07 IST" skipped="0">
  <testcase classname="GetExamAllureReport.ExamDashReport" name="loginWorkBench" time="2.850"/>
  <system-out/>
  <testcase classname="GetExamAllureReport.ExamDashReport" name="LoginSalesforce" time="5.572"/>
  <system-out/>
  <testcase classname="GetExamAllureReport.ExamDashReport" name="ClearUrl" time="4.552"/>
  <system-out/>
  <testcase classname="GetExamAllureReport.ExamDashReport" name="EnterAPI" time="12.629"/>
  <system-out/>
  <testcase classname="GetExamAllureReport.ExamDashReport" name="LoginSalesforceValidate" time="2.556"/>
  <system-out/>
  <testcase classname="GetExamAllureReport.ExamDashReport" name="NavigateObjectOnSalesforce" time="29.929"/>
  <system-out/>
  <testcase classname="GetExamAllureReport.ExamDashReport" name="VerifyResponseResults" time="20.903"/>
  <system-out>
    <![CDATA[the respose Of the Exam Completed In 7 days & reocrd Count 4]]>
  </system-out>
</testsuite> <!-- GetExamAllureReport.ExamDashReport -->
