<?xml version="1.0" encoding="UTF-8"?>
<!-- Generated by org.testng.reporters.JUnitReportReporter -->
<testsuite hostname="DESKTOP-I39SPR2" failures="0" tests="1" name="GetExam.TestGetExam" time="64.961" errors="0" timestamp="2022-08-05T16:52:17 IST" skipped="0">
  <testcase classname="GetExam.TestGetExam" name="GetExamAPi" time="64.961"/>
  <system-out>
    <![CDATA[the respose Of the Exam Completed In & days Was Successfully validate to the salesforce & the Reocord was count 4]]>
  </system-out>
</testsuite> <!-- GetExam.TestGetExam -->
