<?xml version="1.0" encoding="UTF-8"?>
<!-- Generated by org.testng.reporters.JUnitReportReporter -->
<testsuite hostname="DESKTOP-I39SPR2" failures="0" tests="1" name="GetStudent.GetStudentRest" time="3.443" errors="0" timestamp="2022-08-08T14:23:40 IST" skipped="0">
  <testcase classname="GetStudent.GetStudentRest" name="getRequestAutomation" time="3.443"/>
  <system-out/>
</testsuite> <!-- GetStudent.GetStudentRest -->
