<?xml version="1.0" encoding="UTF-8"?>
<!-- Generated by org.testng.reporters.JUnitReportReporter -->
<testsuite hostname="DESKTOP-I39SPR2" failures="0" tests="4" name="GetExam.GetStudentReportExam" time="22.327" errors="0" timestamp="2022-08-08T22:34:05 IST" skipped="0">
  <testcase classname="GetExam.GetStudentReportExam" name="LoginWorkBecnh" time="2.311"/>
  <system-out/>
  <testcase classname="GetExam.GetStudentReportExam" name="LoginSalesforce" time="3.585"/>
  <system-out/>
  <testcase classname="GetExam.GetStudentReportExam" name="ClearUrl" time="4.652"/>
  <system-out/>
  <testcase classname="GetExam.GetStudentReportExam" name="EnterAPI" time="11.779"/>
  <system-out/>
</testsuite> <!-- GetExam.GetStudentReportExam -->
