<?xml version="1.0" encoding="UTF-8"?>
<!-- Generated by org.testng.reporters.JUnitReportReporter -->
<testsuite hostname="DESKTOP-I39SPR2" failures="0" tests="1" name="GetStudent.TestGetStu" time="34.519" errors="0" timestamp="2022-08-06T12:51:26 IST" skipped="0">
  <testcase classname="GetStudent.TestGetStu" name="GetStudentAPi" time="34.519"/>
  <system-out/>
</testsuite> <!-- GetStudent.TestGetStu -->
